<?xml version="1.0" encoding="UTF-8"?>
<!-- Generated by org.testng.reporters.JUnitXMLReporter -->
<testsuite ignored="0" hostname="Aras-MBP" failures="0" tests="3" name="Default test" time="31.327" errors="0" timestamp="2024-07-17T11:06:24 AMT">
  <testcase classname="Selenium1.SearchImageTestNG" name="testSeleniumScript" time="7.923"/>
  <testcase classname="Selenium1.SearchImageTestNG" name="testSeleniumScript" time="11.661"/>
  <testcase classname="Selenium1.SearchImageTestNG" name="testSeleniumScript" time="11.382"/>
</testsuite> <!-- Default test -->
