<?xml version="1.0" encoding="UTF-8"?>
<testng-results ignored="0" total="3" passed="3" failed="0" skipped="0">
  <reporter-output>
  </reporter-output>
  <suite started-at="2024-07-17T11:05:53 AMT" name="Default suite" finished-at="2024-07-17T11:06:24 AMT" duration-ms="31327">
    <groups>
    </groups>
    <test started-at="2024-07-17T11:05:53 AMT" name="Default test" finished-at="2024-07-17T11:06:24 AMT" duration-ms="31327">
      <class name="Selenium1.SearchImageTestNG">
        <test-method is-config="true" signature="setup()[pri:0, instance:Selenium1.SearchImageTestNG@350aac89]" started-at="2024-07-17T11:05:53 AMT" name="setup" finished-at="2024-07-17T11:05:53 AMT" duration-ms="10" status="PASS">
          <reporter-output>
          </reporter-output>
        </test-method> <!-- setup -->
        <test-method signature="testSeleniumScript(int,int)[pri:0, instance:Selenium1.SearchImageTestNG@350aac89]" started-at="2024-07-17T11:05:53 AMT" name="testSeleniumScript" data-provider="resolutions" finished-at="2024-07-17T11:06:01 AMT" duration-ms="7923" status="PASS">
          <params>
            <param index="0">
              <value>
                <![CDATA[1024]]>
              </value>
            </param>
            <param index="1">
              <value>
                <![CDATA[768]]>
              </value>
            </param>
          </params>
          <reporter-output>
          </reporter-output>
        </test-method> <!-- testSeleniumScript -->
        <test-method signature="testSeleniumScript(int,int)[pri:0, instance:Selenium1.SearchImageTestNG@350aac89]" started-at="2024-07-17T11:06:01 AMT" name="testSeleniumScript" data-provider="resolutions" finished-at="2024-07-17T11:06:12 AMT" duration-ms="11661" status="PASS">
          <params>
            <param index="0">
              <value>
                <![CDATA[1440]]>
              </value>
            </param>
            <param index="1">
              <value>
                <![CDATA[900]]>
              </value>
            </param>
          </params>
          <reporter-output>
          </reporter-output>
        </test-method> <!-- testSeleniumScript -->
        <test-method signature="testSeleniumScript(int,int)[pri:0, instance:Selenium1.SearchImageTestNG@350aac89]" started-at="2024-07-17T11:06:12 AMT" name="testSeleniumScript" data-provider="resolutions" finished-at="2024-07-17T11:06:24 AMT" duration-ms="11382" status="PASS">
          <params>
            <param index="0">
              <value>
                <![CDATA[1366]]>
              </value>
            </param>
            <param index="1">
              <value>
                <![CDATA[768]]>
              </value>
            </param>
          </params>
          <reporter-output>
          </reporter-output>
        </test-method> <!-- testSeleniumScript -->
        <test-method is-config="true" signature="teardown()[pri:0, instance:Selenium1.SearchImageTestNG@350aac89]" started-at="2024-07-17T11:06:24 AMT" name="teardown" finished-at="2024-07-17T11:06:24 AMT" duration-ms="308" status="PASS">
          <reporter-output>
          </reporter-output>
        </test-method> <!-- teardown -->
      </class> <!-- Selenium1.SearchImageTestNG -->
    </test> <!-- Default test -->
  </suite> <!-- Default suite -->
</testng-results>
